<?xml version="1.0" encoding="UTF-8"?>
<!-- Generated by org.testng.reporters.JUnitReportReporter -->
<testsuite hostname="MAKSUD" failures="0" tests="1" name="frmWrk1_TestRunner.FrmWrk1_TestRunner" time="16.327" errors="0" timestamp="2023-09-22T17:33:43 PDT" skipped="0">
  <testcase classname="frmWrk1_TestRunner.FrmWrk1_TestRunner" name="feature" time="16.327"/>
</testsuite> <!-- frmWrk1_TestRunner.FrmWrk1_TestRunner -->
